<?xml version="1.0" encoding="UTF-8"?>
<testsuite name="DeltaEncodedTest" tests="1" skipped="0" failures="0" errors="0" timestamp="2021-08-31T09:26:31" hostname="app-mbp" time="0.014">
  <properties/>
  <testcase name="decodeIsInverseOfEncode()" classname="DeltaEncodedTest" time="0.014"/>
  <system-out><![CDATA[]]></system-out>
  <system-err><![CDATA[]]></system-err>
</testsuite>
